<?xml version="1.0" encoding="UTF-8"?>
<testng-results skipped="0" failed="0" ignored="0" total="1" passed="1">
  <reporter-output>
  </reporter-output>
  <suite name="Default suite" duration-ms="5312" started-at="2020-01-23T12:33:01 IST" finished-at="2020-01-23T12:33:06 IST">
    <groups>
    </groups>
    <test name="Default test" duration-ms="5312" started-at="2020-01-23T12:33:01 IST" finished-at="2020-01-23T12:33:06 IST">
      <class name="WeatherAPIsTest.PostAPITest">
        <test-method status="PASS" signature="createUserTest()[pri:0, instance:WeatherAPIsTest.PostAPITest@57536d79]" name="createUserTest" duration-ms="5245" started-at="2020-01-23T12:33:01 IST" finished-at="2020-01-23T12:33:06 IST">
          <reporter-output>
          </reporter-output>
        </test-method> <!-- createUserTest -->
      </class> <!-- WeatherAPIsTest.PostAPITest -->
    </test> <!-- Default test -->
  </suite> <!-- Default suite -->
</testng-results>
